<?xml version="1.0" encoding="UTF-8"?>
<coverage generated="1736601279421" clover="3.2.0">
  <project timestamp="1736601279421" name="All files">
    <metrics statements="174" coveredstatements="149" conditionals="43" coveredconditionals="23" methods="39" coveredmethods="36" elements="256" coveredelements="208" complexity="0" loc="174" ncloc="174" packages="2" files="7" classes="7"/>
    <package name="src">
      <metrics statements="104" coveredstatements="84" conditionals="31" coveredconditionals="15" methods="18" coveredmethods="15"/>
      <file name="constants.ts" path="C:\Users\pfidz\Documents\Projects\Paynow-Typescript-SDK\src\constants.ts">
        <metrics statements="7" coveredstatements="7" conditionals="0" coveredconditionals="0" methods="0" coveredmethods="0"/>
        <line num="4" count="4" type="stmt"/>
        <line num="9" count="4" type="stmt"/>
        <line num="14" count="4" type="stmt"/>
        <line num="19" count="4" type="stmt"/>
        <line num="21" count="4" type="stmt"/>
        <line num="22" count="4" type="stmt"/>
        <line num="24" count="4" type="stmt"/>
      </file>
      <file name="index.ts" path="C:\Users\pfidz\Documents\Projects\Paynow-Typescript-SDK\src\index.ts">
        <metrics statements="6" coveredstatements="6" conditionals="0" coveredconditionals="0" methods="0" coveredmethods="0"/>
        <line num="1" count="2" type="stmt"/>
        <line num="2" count="2" type="stmt"/>
        <line num="3" count="2" type="stmt"/>
        <line num="4" count="2" type="stmt"/>
        <line num="5" count="2" type="stmt"/>
        <line num="6" count="2" type="stmt"/>
      </file>
      <file name="paynow.ts" path="C:\Users\pfidz\Documents\Projects\Paynow-Typescript-SDK\src\paynow.ts">
        <metrics statements="91" coveredstatements="71" conditionals="31" coveredconditionals="15" methods="18" coveredmethods="15"/>
        <line num="1" count="2" type="stmt"/>
        <line num="2" count="2" type="stmt"/>
        <line num="3" count="2" type="stmt"/>
        <line num="4" count="2" type="stmt"/>
        <line num="5" count="2" type="stmt"/>
        <line num="18" count="2" type="stmt"/>
        <line num="20" count="16" type="cond" truecount="1" falsecount="0"/>
        <line num="21" count="16" type="cond" truecount="1" falsecount="0"/>
        <line num="22" count="20" type="cond" truecount="1" falsecount="0"/>
        <line num="23" count="20" type="cond" truecount="1" falsecount="0"/>
        <line num="30" count="2" type="stmt"/>
        <line num="31" count="0" type="stmt"/>
        <line num="38" count="2" type="stmt"/>
        <line num="39" count="1" type="stmt"/>
        <line num="48" count="2" type="stmt"/>
        <line num="49" count="2" type="stmt"/>
        <line num="57" count="2" type="stmt"/>
        <line num="58" count="1" type="stmt"/>
        <line num="66" count="2" type="stmt"/>
        <line num="67" count="0" type="stmt"/>
        <line num="68" count="0" type="stmt"/>
        <line num="71" count="0" type="stmt"/>
        <line num="82" count="0" type="stmt"/>
        <line num="84" count="0" type="stmt"/>
        <line num="87" count="0" type="stmt"/>
        <line num="96" count="2" type="stmt"/>
        <line num="97" count="1" type="stmt"/>
        <line num="99" count="1" type="cond" truecount="0" falsecount="1"/>
        <line num="100" count="0" type="stmt"/>
        <line num="104" count="1" type="stmt"/>
        <line num="107" count="1" type="stmt"/>
        <line num="118" count="1" type="stmt"/>
        <line num="120" count="1" type="stmt"/>
        <line num="123" count="0" type="stmt"/>
        <line num="134" count="2" type="stmt"/>
        <line num="135" count="3" type="cond" truecount="2" falsecount="1"/>
        <line num="137" count="3" type="stmt"/>
        <line num="145" count="2" type="stmt"/>
        <line num="146" count="1" type="cond" truecount="0" falsecount="1"/>
        <line num="147" count="0" type="stmt"/>
        <line num="150" count="1" type="stmt"/>
        <line num="152" count="1" type="cond" truecount="2" falsecount="1"/>
        <line num="153" count="0" type="stmt"/>
        <line num="156" count="1" type="stmt"/>
        <line num="166" count="2" type="stmt"/>
        <line num="167" count="9" type="stmt"/>
        <line num="169" count="51" type="stmt"/>
        <line num="170" count="51" type="cond" truecount="1" falsecount="0"/>
        <line num="171" count="44" type="stmt"/>
        <line num="175" count="9" type="stmt"/>
        <line num="177" count="9" type="stmt"/>
        <line num="184" count="2" type="stmt"/>
        <line num="185" count="7" type="cond" truecount="1" falsecount="1"/>
        <line num="186" count="0" type="stmt"/>
        <line num="188" count="7" type="stmt"/>
        <line num="196" count="2" type="stmt"/>
        <line num="197" count="4" type="stmt"/>
        <line num="198" count="4" type="cond" truecount="1" falsecount="1"/>
        <line num="199" count="4" type="stmt"/>
        <line num="200" count="22" type="stmt"/>
        <line num="202" count="22" type="stmt"/>
        <line num="206" count="4" type="stmt"/>
        <line num="214" count="2" type="stmt"/>
        <line num="215" count="0" type="stmt"/>
        <line num="226" count="0" type="stmt"/>
        <line num="228" count="0" type="stmt"/>
        <line num="236" count="2" type="stmt"/>
        <line num="241" count="1" type="stmt"/>
        <line num="254" count="1" type="stmt"/>
        <line num="256" count="1" type="stmt"/>
        <line num="264" count="2" type="stmt"/>
        <line num="266" count="1" type="stmt"/>
        <line num="268" count="1" type="stmt"/>
        <line num="270" count="1" type="stmt"/>
        <line num="272" count="1" type="cond" truecount="2" falsecount="1"/>
        <line num="273" count="0" type="stmt"/>
        <line num="276" count="1" type="stmt"/>
        <line num="278" count="0" type="stmt"/>
        <line num="287" count="2" type="stmt"/>
        <line num="288" count="1" type="cond" truecount="1" falsecount="1"/>
        <line num="289" count="1" type="stmt"/>
        <line num="291" count="1" type="cond" truecount="0" falsecount="1"/>
        <line num="292" count="0" type="stmt"/>
        <line num="295" count="1" type="stmt"/>
        <line num="297" count="0" type="stmt"/>
        <line num="305" count="2" type="stmt"/>
        <line num="306" count="3" type="cond" truecount="1" falsecount="0"/>
        <line num="307" count="1" type="stmt"/>
        <line num="310" count="2" type="cond" truecount="0" falsecount="1"/>
        <line num="311" count="0" type="stmt"/>
        <line num="314" count="2" type="stmt"/>
      </file>
    </package>
    <package name="src.components">
      <metrics statements="70" coveredstatements="65" conditionals="12" coveredconditionals="8" methods="21" coveredmethods="21"/>
      <file name="cart.ts" path="C:\Users\pfidz\Documents\Projects\Paynow-Typescript-SDK\src\components\cart.ts">
        <metrics statements="27" coveredstatements="27" conditionals="2" coveredconditionals="2" methods="11" coveredmethods="11"/>
        <line num="12" count="4" type="stmt"/>
        <line num="14" count="5" type="stmt"/>
        <line num="15" count="5" type="stmt"/>
        <line num="16" count="8" type="cond" truecount="1" falsecount="0"/>
        <line num="18" count="4" type="stmt"/>
        <line num="29" count="4" type="stmt"/>
        <line num="30" count="8" type="stmt"/>
        <line num="32" count="8" type="stmt"/>
        <line num="33" count="8" type="cond" truecount="1" falsecount="0"/>
        <line num="34" count="6" type="stmt"/>
        <line num="38" count="4" type="stmt"/>
        <line num="39" count="8" type="stmt"/>
        <line num="42" count="4" type="stmt"/>
        <line num="43" count="8" type="stmt"/>
        <line num="44" count="8" type="stmt"/>
        <line num="47" count="4" type="stmt"/>
        <line num="48" count="8" type="stmt"/>
        <line num="49" count="8" type="stmt"/>
        <line num="50" count="15" type="stmt"/>
        <line num="52" count="8" type="stmt"/>
        <line num="55" count="4" type="stmt"/>
        <line num="56" count="4" type="stmt"/>
        <line num="58" count="4" type="stmt"/>
        <line num="59" count="10" type="stmt"/>
        <line num="63" count="4" type="stmt"/>
        <line num="66" count="4" type="stmt"/>
        <line num="68" count="4" type="stmt"/>
      </file>
      <file name="init-response.ts" path="C:\Users\pfidz\Documents\Projects\Paynow-Typescript-SDK\src\components\init-response.ts">
        <metrics statements="19" coveredstatements="15" conditionals="7" coveredconditionals="4" methods="2" coveredmethods="2"/>
        <line num="1" count="3" type="stmt"/>
        <line num="17" count="3" type="stmt"/>
        <line num="30" count="3" type="stmt"/>
        <line num="31" count="3" type="stmt"/>
        <line num="32" count="3" type="cond" truecount="1" falsecount="1"/>
        <line num="33" count="3" type="stmt"/>
        <line num="35" count="3" type="cond" truecount="2" falsecount="0"/>
        <line num="36" count="1" type="stmt"/>
        <line num="38" count="2" type="stmt"/>
        <line num="39" count="2" type="stmt"/>
        <line num="41" count="2" type="cond" truecount="0" falsecount="1"/>
        <line num="42" count="0" type="stmt"/>
        <line num="45" count="2" type="cond" truecount="1" falsecount="0"/>
        <line num="46" count="2" type="stmt"/>
        <line num="49" count="2" type="cond" truecount="0" falsecount="1"/>
        <line num="50" count="0" type="stmt"/>
        <line num="51" count="0" type="stmt"/>
        <line num="52" count="0" type="stmt"/>
        <line num="61" count="3" type="stmt"/>
      </file>
      <file name="payment.ts" path="C:\Users\pfidz\Documents\Projects\Paynow-Typescript-SDK\src\components\payment.ts">
        <metrics statements="12" coveredstatements="12" conditionals="1" coveredconditionals="1" methods="5" coveredmethods="5"/>
        <line num="1" count="3" type="stmt"/>
        <line num="13" count="3" type="stmt"/>
        <line num="15" count="5" type="stmt"/>
        <line num="16" count="5" type="stmt"/>
        <line num="17" count="9" type="cond" truecount="1" falsecount="0"/>
        <line num="27" count="3" type="stmt"/>
        <line num="28" count="5" type="stmt"/>
        <line num="36" count="3" type="stmt"/>
        <line num="37" count="2" type="stmt"/>
        <line num="45" count="3" type="stmt"/>
        <line num="46" count="6" type="stmt"/>
        <line num="48" count="3" type="stmt"/>
      </file>
      <file name="status-response.ts" path="C:\Users\pfidz\Documents\Projects\Paynow-Typescript-SDK\src\components\status-response.ts">
        <metrics statements="12" coveredstatements="11" conditionals="2" coveredconditionals="1" methods="3" coveredmethods="3"/>
        <line num="1" count="3" type="stmt"/>
        <line num="14" count="3" type="stmt"/>
        <line num="23" count="6" type="cond" truecount="1" falsecount="1"/>
        <line num="24" count="0" type="stmt"/>
        <line num="26" count="6" type="stmt"/>
        <line num="27" count="6" type="stmt"/>
        <line num="28" count="6" type="stmt"/>
        <line num="29" count="6" type="stmt"/>
        <line num="30" count="6" type="stmt"/>
        <line num="34" count="3" type="stmt"/>
        <line num="35" count="6" type="stmt"/>
        <line num="37" count="3" type="stmt"/>
      </file>
    </package>
  </project>
</coverage>
