{"C:\\Users\\pfidz\\Documents\\Projects\\Paynow-Typescript-SDK\\src\\constants.ts": {"path":"C:\\Users\\pfidz\\Documents\\Projects\\Paynow-Typescript-SDK\\src\\constants.ts","statementMap":{"0":{"start":{"line":4,"column":13},"end":{"line":4,"column":40}},"1":{"start":{"line":9,"column":13},"end":{"line":9,"column":46}},"2":{"start":{"line":14,"column":13},"end":{"line":14,"column":105}},"3":{"start":{"line":19,"column":13},"end":{"line":19,"column":110}},"4":{"start":{"line":21,"column":13},"end":{"line":21,"column":87}},"5":{"start":{"line":22,"column":13},"end":{"line":22,"column":93}},"6":{"start":{"line":24,"column":13},"end":{"line":24,"column":null}}},"fnMap":{},"branchMap":{},"s":{"0":4,"1":4,"2":4,"3":4,"4":4,"5":4,"6":4},"f":{},"b":{}}
,"C:\\Users\\pfidz\\Documents\\Projects\\Paynow-Typescript-SDK\\src\\index.ts": {"path":"C:\\Users\\pfidz\\Documents\\Projects\\Paynow-Typescript-SDK\\src\\index.ts","statementMap":{"0":{"start":{"line":1,"column":0},"end":{"line":1,"column":24}},"1":{"start":{"line":2,"column":0},"end":{"line":2,"column":23}},"2":{"start":{"line":3,"column":0},"end":{"line":3,"column":42}},"3":{"start":{"line":4,"column":0},"end":{"line":4,"column":44}},"4":{"start":{"line":5,"column":0},"end":{"line":5,"column":36}},"5":{"start":{"line":6,"column":0},"end":{"line":6,"column":33}}},"fnMap":{},"branchMap":{},"s":{"0":2,"1":2,"2":2,"3":2,"4":2,"5":2},"f":{},"b":{}}
,"C:\\Users\\pfidz\\Documents\\Projects\\Paynow-Typescript-SDK\\src\\paynow.ts": {"path":"C:\\Users\\pfidz\\Documents\\Projects\\Paynow-Typescript-SDK\\src\\paynow.ts","statementMap":{"0":{"start":{"line":1,"column":0},"end":{"line":1,"column":58}},"1":{"start":{"line":2,"column":0},"end":{"line":2,"column":47}},"2":{"start":{"line":3,"column":0},"end":{"line":3,"column":62}},"3":{"start":{"line":4,"column":0},"end":{"line":4,"column":88}},"4":{"start":{"line":5,"column":19},"end":{"line":5,"column":40}},"5":{"start":{"line":18,"column":0},"end":{"line":18,"column":13}},"6":{"start":{"line":20,"column":15},"end":{"line":20,"column":null}},"7":{"start":{"line":21,"column":15},"end":{"line":21,"column":null}},"8":{"start":{"line":22,"column":15},"end":{"line":22,"column":null}},"9":{"start":{"line":23,"column":15},"end":{"line":23,"column":null}},"10":{"start":{"line":20,"column":15},"end":{"line":20,"column":39}},"11":{"start":{"line":21,"column":15},"end":{"line":21,"column":40}},"12":{"start":{"line":22,"column":15},"end":{"line":22,"column":37}},"13":{"start":{"line":23,"column":15},"end":{"line":23,"column":37}},"14":{"start":{"line":30,"column":4},"end":{"line":32,"column":null}},"15":{"start":{"line":31,"column":8},"end":{"line":31,"column":34}},"16":{"start":{"line":38,"column":4},"end":{"line":40,"column":null}},"17":{"start":{"line":39,"column":8},"end":{"line":39,"column":55}},"18":{"start":{"line":48,"column":4},"end":{"line":50,"column":null}},"19":{"start":{"line":49,"column":8},"end":{"line":49,"column":49}},"20":{"start":{"line":57,"column":4},"end":{"line":59,"column":null}},"21":{"start":{"line":58,"column":8},"end":{"line":58,"column":33}},"22":{"start":{"line":66,"column":10},"end":{"line":89,"column":null}},"23":{"start":{"line":67,"column":8},"end":{"line":67,"column":31}},"24":{"start":{"line":68,"column":12},"end":{"line":68,"column":39}},"25":{"start":{"line":71,"column":27},"end":{"line":80,"column":null}},"26":{"start":{"line":71,"column":16},"end":{"line":80,"column":null}},"27":{"start":{"line":82,"column":33},"end":{"line":82,"column":null}},"28":{"start":{"line":82,"column":18},"end":{"line":82,"column":null}},"29":{"start":{"line":84,"column":12},"end":{"line":84,"column":null}},"30":{"start":{"line":87,"column":12},"end":{"line":87,"column":null}},"31":{"start":{"line":96,"column":10},"end":{"line":125,"column":null}},"32":{"start":{"line":97,"column":8},"end":{"line":97,"column":31}},"33":{"start":{"line":99,"column":8},"end":{"line":102,"column":14}},"34":{"start":{"line":100,"column":12},"end":{"line":102,"column":14}},"35":{"start":{"line":104,"column":12},"end":{"line":104,"column":60}},"36":{"start":{"line":107,"column":27},"end":{"line":116,"column":null}},"37":{"start":{"line":107,"column":16},"end":{"line":116,"column":null}},"38":{"start":{"line":118,"column":33},"end":{"line":118,"column":null}},"39":{"start":{"line":118,"column":18},"end":{"line":118,"column":null}},"40":{"start":{"line":120,"column":12},"end":{"line":120,"column":null}},"41":{"start":{"line":123,"column":12},"end":{"line":123,"column":null}},"42":{"start":{"line":134,"column":4},"end":{"line":138,"column":null}},"43":{"start":{"line":135,"column":8},"end":{"line":135,"column":69}},"44":{"start":{"line":135,"column":56},"end":{"line":135,"column":69}},"45":{"start":{"line":137,"column":8},"end":{"line":137,"column":82}},"46":{"start":{"line":145,"column":4},"end":{"line":157,"column":null}},"47":{"start":{"line":146,"column":8},"end":{"line":148,"column":9}},"48":{"start":{"line":147,"column":12},"end":{"line":147,"column":24}},"49":{"start":{"line":150,"column":32},"end":{"line":150,"column":78}},"50":{"start":{"line":152,"column":8},"end":{"line":154,"column":9}},"51":{"start":{"line":153,"column":12},"end":{"line":153,"column":52}},"52":{"start":{"line":156,"column":8},"end":{"line":156,"column":51}},"53":{"start":{"line":166,"column":4},"end":{"line":178,"column":null}},"54":{"start":{"line":167,"column":29},"end":{"line":167,"column":31}},"55":{"start":{"line":169,"column":8},"end":{"line":173,"column":9}},"56":{"start":{"line":169,"column":26},"end":{"line":169,"column":32}},"57":{"start":{"line":169,"column":26},"end":{"line":169,"column":45}},"58":{"start":{"line":169,"column":22},"end":{"line":169,"column":26}},"59":{"start":{"line":170,"column":12},"end":{"line":172,"column":13}},"60":{"start":{"line":171,"column":16},"end":{"line":171,"column":38}},"61":{"start":{"line":175,"column":8},"end":{"line":175,"column":33}},"62":{"start":{"line":177,"column":8},"end":{"line":177,"column":44}},"63":{"start":{"line":184,"column":4},"end":{"line":190,"column":null}},"64":{"start":{"line":185,"column":8},"end":{"line":189,"column":9}},"65":{"start":{"line":186,"column":12},"end":{"line":186,"column":25}},"66":{"start":{"line":188,"column":12},"end":{"line":188,"column":85}},"67":{"start":{"line":196,"column":4},"end":{"line":207,"column":null}},"68":{"start":{"line":197,"column":47},"end":{"line":197,"column":49}},"69":{"start":{"line":198,"column":20},"end":{"line":198,"column":92}},"70":{"start":{"line":199,"column":8},"end":{"line":204,"column":9}},"71":{"start":{"line":199,"column":21},"end":{"line":199,"column":22}},"72":{"start":{"line":200,"column":23},"end":{"line":200,"column":42}},"73":{"start":{"line":202,"column":12},"end":{"line":202,"column":111}},"74":{"start":{"line":206,"column":8},"end":{"line":206,"column":21}},"75":{"start":{"line":214,"column":4},"end":{"line":229,"column":null}},"76":{"start":{"line":215,"column":46},"end":{"line":224,"column":10}},"77":{"start":{"line":226,"column":8},"end":{"line":226,"column":68}},"78":{"start":{"line":228,"column":8},"end":{"line":228,"column":20}},"79":{"start":{"line":236,"column":4},"end":{"line":257,"column":null}},"80":{"start":{"line":241,"column":46},"end":{"line":252,"column":10}},"81":{"start":{"line":254,"column":8},"end":{"line":254,"column":68}},"82":{"start":{"line":256,"column":8},"end":{"line":256,"column":20}},"83":{"start":{"line":264,"column":10},"end":{"line":280,"column":null}},"84":{"start":{"line":266,"column":29},"end":{"line":266,"column":null}},"85":{"start":{"line":266,"column":18},"end":{"line":266,"column":null}},"86":{"start":{"line":268,"column":33},"end":{"line":268,"column":null}},"87":{"start":{"line":268,"column":18},"end":{"line":268,"column":null}},"88":{"start":{"line":270,"column":18},"end":{"line":270,"column":89}},"89":{"start":{"line":272,"column":12},"end":{"line":274,"column":13}},"90":{"start":{"line":273,"column":16},"end":{"line":273,"column":56}},"91":{"start":{"line":276,"column":12},"end":{"line":276,"column":57}},"92":{"start":{"line":278,"column":12},"end":{"line":278,"column":null}},"93":{"start":{"line":287,"column":4},"end":{"line":299,"column":null}},"94":{"start":{"line":288,"column":8},"end":{"line":298,"column":9}},"95":{"start":{"line":289,"column":35},"end":{"line":289,"column":60}},"96":{"start":{"line":291,"column":12},"end":{"line":293,"column":13}},"97":{"start":{"line":292,"column":16},"end":{"line":292,"column":56}},"98":{"start":{"line":295,"column":12},"end":{"line":295,"column":54}},"99":{"start":{"line":297,"column":12},"end":{"line":297,"column":57}},"100":{"start":{"line":305,"column":4},"end":{"line":313,"column":null}},"101":{"start":{"line":306,"column":8},"end":{"line":308,"column":9}},"102":{"start":{"line":307,"column":12},"end":{"line":307,"column":68}},"103":{"start":{"line":310,"column":8},"end":{"line":312,"column":9}},"104":{"start":{"line":311,"column":12},"end":{"line":311,"column":64}},"105":{"start":{"line":314,"column":0},"end":{"line":314,"column":null}},"106":{"start":{"line":18,"column":13},"end":{"line":18,"column":19}}},"fnMap":{"0":{"name":"(anonymous_13)","decl":{"start":{"line":18,"column":0},"end":{"line":18,"column":13}},"loc":{"start":{"line":18,"column":0},"end":{"line":314,"column":null}}},"1":{"name":"Paynow","decl":{"start":{"line":19,"column":4},"end":{"line":19,"column":null}},"loc":{"start":{"line":23,"column":37},"end":{"line":24,"column":9}}},"2":{"name":"(anonymous_15)","decl":{"start":{"line":30,"column":4},"end":{"line":30,"column":8}},"loc":{"start":{"line":30,"column":25},"end":{"line":32,"column":5}}},"3":{"name":"(anonymous_16)","decl":{"start":{"line":38,"column":4},"end":{"line":38,"column":14}},"loc":{"start":{"line":38,"column":62},"end":{"line":40,"column":5}}},"4":{"name":"(anonymous_17)","decl":{"start":{"line":48,"column":4},"end":{"line":48,"column":17}},"loc":{"start":{"line":48,"column":54},"end":{"line":50,"column":5}}},"5":{"name":"(anonymous_18)","decl":{"start":{"line":57,"column":4},"end":{"line":57,"column":8}},"loc":{"start":{"line":57,"column":24},"end":{"line":59,"column":5}}},"6":{"name":"(anonymous_19)","decl":{"start":{"line":66,"column":4},"end":{"line":66,"column":10}},"loc":{"start":{"line":66,"column":31},"end":{"line":89,"column":null}}},"7":{"name":"(anonymous_22)","decl":{"start":{"line":96,"column":4},"end":{"line":96,"column":10}},"loc":{"start":{"line":96,"column":68},"end":{"line":125,"column":null}}},"8":{"name":"(anonymous_25)","decl":{"start":{"line":134,"column":4},"end":{"line":134,"column":16}},"loc":{"start":{"line":134,"column":37},"end":{"line":138,"column":5}}},"9":{"name":"(anonymous_26)","decl":{"start":{"line":145,"column":4},"end":{"line":145,"column":9}},"loc":{"start":{"line":145,"column":23},"end":{"line":157,"column":5}}},"10":{"name":"(anonymous_27)","decl":{"start":{"line":166,"column":4},"end":{"line":166,"column":16}},"loc":{"start":{"line":166,"column":74},"end":{"line":178,"column":5}}},"11":{"name":"(anonymous_28)","decl":{"start":{"line":184,"column":4},"end":{"line":184,"column":14}},"loc":{"start":{"line":184,"column":48},"end":{"line":190,"column":5}}},"12":{"name":"(anonymous_29)","decl":{"start":{"line":196,"column":4},"end":{"line":196,"column":14}},"loc":{"start":{"line":196,"column":34},"end":{"line":207,"column":5}}},"13":{"name":"(anonymous_30)","decl":{"start":{"line":214,"column":4},"end":{"line":214,"column":9}},"loc":{"start":{"line":214,"column":26},"end":{"line":229,"column":5}}},"14":{"name":"(anonymous_31)","decl":{"start":{"line":236,"column":4},"end":{"line":236,"column":15}},"loc":{"start":{"line":239,"column":22},"end":{"line":257,"column":5}}},"15":{"name":"(anonymous_32)","decl":{"start":{"line":264,"column":4},"end":{"line":264,"column":10}},"loc":{"start":{"line":264,"column":37},"end":{"line":280,"column":null}}},"16":{"name":"(anonymous_35)","decl":{"start":{"line":287,"column":4},"end":{"line":287,"column":21}},"loc":{"start":{"line":287,"column":35},"end":{"line":299,"column":5}}},"17":{"name":"(anonymous_36)","decl":{"start":{"line":305,"column":4},"end":{"line":305,"column":12}},"loc":{"start":{"line":305,"column":29},"end":{"line":313,"column":5}}}},"branchMap":{"0":{"loc":{"start":{"line":20,"column":15},"end":{"line":20,"column":null}},"type":"if","locations":[{"start":{"line":20,"column":15},"end":{"line":20,"column":null}}]},"1":{"loc":{"start":{"line":21,"column":15},"end":{"line":21,"column":null}},"type":"if","locations":[{"start":{"line":21,"column":15},"end":{"line":21,"column":null}}]},"2":{"loc":{"start":{"line":22,"column":15},"end":{"line":22,"column":null}},"type":"if","locations":[{"start":{"line":22,"column":15},"end":{"line":22,"column":null}}]},"3":{"loc":{"start":{"line":23,"column":15},"end":{"line":23,"column":null}},"type":"if","locations":[{"start":{"line":23,"column":15},"end":{"line":23,"column":null}}]},"4":{"loc":{"start":{"line":99,"column":8},"end":{"line":102,"column":14}},"type":"if","locations":[{"start":{"line":99,"column":8},"end":{"line":102,"column":14}}]},"5":{"loc":{"start":{"line":135,"column":8},"end":{"line":135,"column":69}},"type":"if","locations":[{"start":{"line":135,"column":8},"end":{"line":135,"column":69}}]},"6":{"loc":{"start":{"line":135,"column":12},"end":{"line":135,"column":54}},"type":"binary-expr","locations":[{"start":{"line":135,"column":12},"end":{"line":135,"column":25}},{"start":{"line":135,"column":29},"end":{"line":135,"column":54}}]},"7":{"loc":{"start":{"line":146,"column":8},"end":{"line":148,"column":9}},"type":"if","locations":[{"start":{"line":146,"column":8},"end":{"line":148,"column":9}}]},"8":{"loc":{"start":{"line":152,"column":8},"end":{"line":154,"column":9}},"type":"if","locations":[{"start":{"line":152,"column":8},"end":{"line":154,"column":9}}]},"9":{"loc":{"start":{"line":152,"column":12},"end":{"line":152,"column":104}},"type":"binary-expr","locations":[{"start":{"line":152,"column":12},"end":{"line":152,"column":65}},{"start":{"line":152,"column":69},"end":{"line":152,"column":104}}]},"10":{"loc":{"start":{"line":170,"column":12},"end":{"line":172,"column":13}},"type":"if","locations":[{"start":{"line":170,"column":12},"end":{"line":172,"column":13}}]},"11":{"loc":{"start":{"line":185,"column":8},"end":{"line":189,"column":9}},"type":"if","locations":[{"start":{"line":185,"column":8},"end":{"line":189,"column":9}},{"start":{"line":187,"column":15},"end":{"line":189,"column":9}}]},"12":{"loc":{"start":{"line":198,"column":21},"end":{"line":198,"column":80}},"type":"cond-expr","locations":[{"start":{"line":198,"column":46},"end":{"line":198,"column":66}},{"start":{"line":198,"column":69},"end":{"line":198,"column":80}}]},"13":{"loc":{"start":{"line":216,"column":23},"end":{"line":216,"column":59}},"type":"cond-expr","locations":[{"start":{"line":216,"column":40},"end":{"line":216,"column":54}},{"start":{"line":216,"column":57},"end":{"line":216,"column":59}}]},"14":{"loc":{"start":{"line":217,"column":23},"end":{"line":217,"column":59}},"type":"cond-expr","locations":[{"start":{"line":217,"column":40},"end":{"line":217,"column":54}},{"start":{"line":217,"column":57},"end":{"line":217,"column":59}}]},"15":{"loc":{"start":{"line":222,"column":23},"end":{"line":222,"column":65}},"type":"cond-expr","locations":[{"start":{"line":222,"column":43},"end":{"line":222,"column":60}},{"start":{"line":222,"column":63},"end":{"line":222,"column":65}}]},"16":{"loc":{"start":{"line":272,"column":12},"end":{"line":274,"column":13}},"type":"if","locations":[{"start":{"line":272,"column":12},"end":{"line":274,"column":13}}]},"17":{"loc":{"start":{"line":272,"column":16},"end":{"line":272,"column":108}},"type":"binary-expr","locations":[{"start":{"line":272,"column":16},"end":{"line":272,"column":69}},{"start":{"line":272,"column":73},"end":{"line":272,"column":108}}]},"18":{"loc":{"start":{"line":288,"column":8},"end":{"line":298,"column":9}},"type":"if","locations":[{"start":{"line":288,"column":8},"end":{"line":298,"column":9}},{"start":{"line":296,"column":15},"end":{"line":298,"column":9}}]},"19":{"loc":{"start":{"line":291,"column":12},"end":{"line":293,"column":13}},"type":"if","locations":[{"start":{"line":291,"column":12},"end":{"line":293,"column":13}}]},"20":{"loc":{"start":{"line":306,"column":8},"end":{"line":308,"column":9}},"type":"if","locations":[{"start":{"line":306,"column":8},"end":{"line":308,"column":9}}]},"21":{"loc":{"start":{"line":310,"column":8},"end":{"line":312,"column":9}},"type":"if","locations":[{"start":{"line":310,"column":8},"end":{"line":312,"column":9}}]}},"s":{"0":2,"1":2,"2":2,"3":2,"4":2,"5":2,"6":16,"7":16,"8":20,"9":20,"10":10,"11":10,"12":10,"13":10,"14":2,"15":0,"16":2,"17":1,"18":2,"19":2,"20":2,"21":1,"22":2,"23":0,"24":0,"25":0,"26":0,"27":0,"28":0,"29":0,"30":0,"31":2,"32":1,"33":1,"34":0,"35":1,"36":1,"37":1,"38":1,"39":1,"40":1,"41":0,"42":2,"43":3,"44":0,"45":3,"46":2,"47":1,"48":0,"49":1,"50":1,"51":0,"52":1,"53":2,"54":9,"55":9,"56":9,"57":9,"58":51,"59":51,"60":44,"61":9,"62":9,"63":2,"64":7,"65":0,"66":7,"67":2,"68":4,"69":4,"70":4,"71":4,"72":22,"73":22,"74":4,"75":2,"76":0,"77":0,"78":0,"79":2,"80":1,"81":1,"82":1,"83":2,"84":1,"85":1,"86":1,"87":1,"88":1,"89":1,"90":0,"91":1,"92":0,"93":2,"94":1,"95":1,"96":1,"97":0,"98":1,"99":0,"100":2,"101":3,"102":1,"103":2,"104":0,"105":2,"106":2},"f":{"0":2,"1":10,"2":0,"3":1,"4":2,"5":1,"6":0,"7":1,"8":3,"9":1,"10":9,"11":7,"12":4,"13":0,"14":1,"15":1,"16":1,"17":3},"b":{"0":[6],"1":[6],"2":[10],"3":[10],"4":[0],"5":[0],"6":[3,3],"7":[0],"8":[0],"9":[1,1],"10":[44],"11":[0,7],"12":[0,4],"13":[0,0],"14":[0,0],"15":[0,0],"16":[0],"17":[1,1],"18":[1,0],"19":[0],"20":[1],"21":[0]}}
,"C:\\Users\\pfidz\\Documents\\Projects\\Paynow-Typescript-SDK\\src\\components\\cart.ts": {"path":"C:\\Users\\pfidz\\Documents\\Projects\\Paynow-Typescript-SDK\\src\\components\\cart.ts","statementMap":{"0":{"start":{"line":12,"column":0},"end":{"line":12,"column":13}},"1":{"start":{"line":16,"column":15},"end":{"line":16,"column":null}},"2":{"start":{"line":14,"column":15},"end":{"line":14,"column":28}},"3":{"start":{"line":15,"column":15},"end":{"line":15,"column":29}},"4":{"start":{"line":16,"column":15},"end":{"line":16,"column":35}},"5":{"start":{"line":18,"column":0},"end":{"line":18,"column":null}},"6":{"start":{"line":12,"column":13},"end":{"line":12,"column":21}},"7":{"start":{"line":29,"column":0},"end":{"line":29,"column":13}},"8":{"start":{"line":32,"column":4},"end":{"line":32,"column":16}},"9":{"start":{"line":30,"column":11},"end":{"line":30,"column":34}},"10":{"start":{"line":33,"column":8},"end":{"line":35,"column":9}},"11":{"start":{"line":34,"column":12},"end":{"line":34,"column":62}},"12":{"start":{"line":34,"column":37},"end":{"line":34,"column":59}},"13":{"start":{"line":38,"column":4},"end":{"line":40,"column":null}},"14":{"start":{"line":39,"column":8},"end":{"line":39,"column":33}},"15":{"start":{"line":42,"column":4},"end":{"line":45,"column":null}},"16":{"start":{"line":43,"column":8},"end":{"line":43,"column":30}},"17":{"start":{"line":44,"column":8},"end":{"line":44,"column":null}},"18":{"start":{"line":47,"column":4},"end":{"line":53,"column":null}},"19":{"start":{"line":48,"column":32},"end":{"line":48,"column":33}},"20":{"start":{"line":49,"column":8},"end":{"line":51,"column":11}},"21":{"start":{"line":50,"column":12},"end":{"line":50,"column":53}},"22":{"start":{"line":52,"column":8},"end":{"line":52,"column":25}},"23":{"start":{"line":55,"column":4},"end":{"line":67,"column":null}},"24":{"start":{"line":56,"column":22},"end":{"line":56,"column":24}},"25":{"start":{"line":58,"column":8},"end":{"line":60,"column":null}},"26":{"start":{"line":59,"column":12},"end":{"line":59,"column":56}},"27":{"start":{"line":63,"column":8},"end":{"line":63,"column":55}},"28":{"start":{"line":66,"column":8},"end":{"line":66,"column":23}},"29":{"start":{"line":68,"column":0},"end":{"line":68,"column":null}},"30":{"start":{"line":29,"column":13},"end":{"line":29,"column":17}}},"fnMap":{"0":{"name":"(anonymous_0)","decl":{"start":{"line":12,"column":0},"end":{"line":12,"column":13}},"loc":{"start":{"line":12,"column":0},"end":{"line":18,"column":null}}},"1":{"name":"CartItem","decl":{"start":{"line":13,"column":4},"end":{"line":13,"column":null}},"loc":{"start":{"line":16,"column":35},"end":{"line":17,"column":9}}},"2":{"name":"(anonymous_2)","decl":{"start":{"line":29,"column":0},"end":{"line":29,"column":13}},"loc":{"start":{"line":29,"column":0},"end":{"line":68,"column":null}}},"3":{"name":"Cart","decl":{"start":{"line":32,"column":4},"end":{"line":32,"column":16}},"loc":{"start":{"line":32,"column":35},"end":{"line":36,"column":5}}},"4":{"name":"(anonymous_4)","decl":{"start":{"line":34,"column":27},"end":{"line":34,"column":31}},"loc":{"start":{"line":34,"column":31},"end":{"line":34,"column":60}}},"5":{"name":"(anonymous_5)","decl":{"start":{"line":38,"column":4},"end":{"line":38,"column":10}},"loc":{"start":{"line":38,"column":4},"end":{"line":40,"column":5}}},"6":{"name":"(anonymous_6)","decl":{"start":{"line":42,"column":4},"end":{"line":42,"column":7}},"loc":{"start":{"line":42,"column":22},"end":{"line":45,"column":5}}},"7":{"name":"(anonymous_7)","decl":{"start":{"line":47,"column":4},"end":{"line":47,"column":12}},"loc":{"start":{"line":47,"column":4},"end":{"line":53,"column":5}}},"8":{"name":"(anonymous_8)","decl":{"start":{"line":49,"column":27},"end":{"line":49,"column":31}},"loc":{"start":{"line":49,"column":31},"end":{"line":51,"column":9}}},"9":{"name":"(anonymous_9)","decl":{"start":{"line":55,"column":4},"end":{"line":55,"column":11}},"loc":{"start":{"line":55,"column":4},"end":{"line":67,"column":5}}},"10":{"name":"(anonymous_10)","decl":{"start":{"line":58,"column":27},"end":{"line":58,"column":37}},"loc":{"start":{"line":58,"column":48},"end":{"line":60,"column":9}}}},"branchMap":{"0":{"loc":{"start":{"line":16,"column":15},"end":{"line":16,"column":null}},"type":"if","locations":[{"start":{"line":16,"column":15},"end":{"line":16,"column":null}}]},"1":{"loc":{"start":{"line":33,"column":8},"end":{"line":35,"column":9}},"type":"if","locations":[{"start":{"line":33,"column":8},"end":{"line":35,"column":9}}]}},"s":{"0":4,"1":8,"2":5,"3":5,"4":5,"5":4,"6":4,"7":4,"8":8,"9":8,"10":8,"11":2,"12":6,"13":4,"14":8,"15":4,"16":8,"17":8,"18":4,"19":8,"20":8,"21":15,"22":8,"23":4,"24":4,"25":4,"26":10,"27":4,"28":4,"29":4,"30":4},"f":{"0":4,"1":5,"2":4,"3":8,"4":6,"5":8,"6":8,"7":8,"8":15,"9":4,"10":10},"b":{"0":[3],"1":[2]}}
,"C:\\Users\\pfidz\\Documents\\Projects\\Paynow-Typescript-SDK\\src\\components\\init-response.ts": {"path":"C:\\Users\\pfidz\\Documents\\Projects\\Paynow-Typescript-SDK\\src\\components\\init-response.ts","statementMap":{"0":{"start":{"line":1,"column":0},"end":{"line":1,"column":87}},"1":{"start":{"line":17,"column":0},"end":{"line":17,"column":13}},"2":{"start":{"line":30,"column":8},"end":{"line":30,"column":34}},"3":{"start":{"line":31,"column":8},"end":{"line":31,"column":65}},"4":{"start":{"line":32,"column":8},"end":{"line":32,"column":58}},"5":{"start":{"line":33,"column":8},"end":{"line":33,"column":32}},"6":{"start":{"line":35,"column":8},"end":{"line":59,"column":9}},"7":{"start":{"line":36,"column":12},"end":{"line":36,"column":36}},"8":{"start":{"line":38,"column":12},"end":{"line":38,"column":40}},"9":{"start":{"line":39,"column":12},"end":{"line":39,"column":56}},"10":{"start":{"line":41,"column":12},"end":{"line":43,"column":13}},"11":{"start":{"line":42,"column":16},"end":{"line":42,"column":51}},"12":{"start":{"line":45,"column":12},"end":{"line":47,"column":13}},"13":{"start":{"line":46,"column":16},"end":{"line":46,"column":54}},"14":{"start":{"line":49,"column":12},"end":{"line":58,"column":13}},"15":{"start":{"line":50,"column":16},"end":{"line":50,"column":39}},"16":{"start":{"line":51,"column":16},"end":{"line":51,"column":40}},"17":{"start":{"line":52,"column":16},"end":{"line":57,"column":19}},"18":{"start":{"line":61,"column":0},"end":{"line":61,"column":null}},"19":{"start":{"line":17,"column":13},"end":{"line":17,"column":25}}},"fnMap":{"0":{"name":"(anonymous_0)","decl":{"start":{"line":17,"column":0},"end":{"line":17,"column":13}},"loc":{"start":{"line":17,"column":0},"end":{"line":61,"column":null}}},"1":{"name":"InitResponse","decl":{"start":{"line":29,"column":4},"end":{"line":29,"column":16}},"loc":{"start":{"line":29,"column":25},"end":{"line":60,"column":5}}}},"branchMap":{"0":{"loc":{"start":{"line":32,"column":27},"end":{"line":32,"column":57}},"type":"cond-expr","locations":[{"start":{"line":32,"column":45},"end":{"line":32,"column":49}},{"start":{"line":32,"column":52},"end":{"line":32,"column":57}}]},"1":{"loc":{"start":{"line":35,"column":8},"end":{"line":59,"column":9}},"type":"if","locations":[{"start":{"line":35,"column":8},"end":{"line":59,"column":9}},{"start":{"line":37,"column":15},"end":{"line":59,"column":9}}]},"2":{"loc":{"start":{"line":41,"column":12},"end":{"line":43,"column":13}},"type":"if","locations":[{"start":{"line":41,"column":12},"end":{"line":43,"column":13}}]},"3":{"loc":{"start":{"line":45,"column":12},"end":{"line":47,"column":13}},"type":"if","locations":[{"start":{"line":45,"column":12},"end":{"line":47,"column":13}}]},"4":{"loc":{"start":{"line":49,"column":12},"end":{"line":58,"column":13}},"type":"if","locations":[{"start":{"line":49,"column":12},"end":{"line":58,"column":13}}]}},"s":{"0":3,"1":3,"2":3,"3":3,"4":3,"5":3,"6":3,"7":1,"8":2,"9":2,"10":2,"11":0,"12":2,"13":2,"14":2,"15":0,"16":0,"17":0,"18":3,"19":3},"f":{"0":3,"1":3},"b":{"0":[0,3],"1":[1,2],"2":[0],"3":[2],"4":[0]}}
,"C:\\Users\\pfidz\\Documents\\Projects\\Paynow-Typescript-SDK\\src\\components\\payment.ts": {"path":"C:\\Users\\pfidz\\Documents\\Projects\\Paynow-Typescript-SDK\\src\\components\\payment.ts","statementMap":{"0":{"start":{"line":1,"column":0},"end":{"line":1,"column":39}},"1":{"start":{"line":13,"column":0},"end":{"line":13,"column":13}},"2":{"start":{"line":17,"column":15},"end":{"line":17,"column":42}},"3":{"start":{"line":15,"column":15},"end":{"line":15,"column":32}},"4":{"start":{"line":16,"column":15},"end":{"line":16,"column":32}},"5":{"start":{"line":17,"column":15},"end":{"line":17,"column":32}},"6":{"start":{"line":27,"column":4},"end":{"line":29,"column":null}},"7":{"start":{"line":28,"column":8},"end":{"line":28,"column":null}},"8":{"start":{"line":36,"column":4},"end":{"line":38,"column":null}},"9":{"start":{"line":37,"column":8},"end":{"line":37,"column":35}},"10":{"start":{"line":45,"column":4},"end":{"line":47,"column":null}},"11":{"start":{"line":46,"column":8},"end":{"line":46,"column":36}},"12":{"start":{"line":48,"column":0},"end":{"line":48,"column":null}},"13":{"start":{"line":13,"column":13},"end":{"line":13,"column":20}}},"fnMap":{"0":{"name":"(anonymous_0)","decl":{"start":{"line":13,"column":0},"end":{"line":13,"column":13}},"loc":{"start":{"line":13,"column":0},"end":{"line":48,"column":null}}},"1":{"name":"Payment","decl":{"start":{"line":14,"column":4},"end":{"line":14,"column":null}},"loc":{"start":{"line":17,"column":38},"end":{"line":17,"column":43}}},"2":{"name":"(anonymous_2)","decl":{"start":{"line":27,"column":4},"end":{"line":27,"column":7}},"loc":{"start":{"line":27,"column":56},"end":{"line":29,"column":5}}},"3":{"name":"(anonymous_3)","decl":{"start":{"line":36,"column":4},"end":{"line":36,"column":8}},"loc":{"start":{"line":36,"column":4},"end":{"line":38,"column":5}}},"4":{"name":"(anonymous_4)","decl":{"start":{"line":45,"column":4},"end":{"line":45,"column":9}},"loc":{"start":{"line":45,"column":4},"end":{"line":47,"column":5}}}},"branchMap":{"0":{"loc":{"start":{"line":17,"column":15},"end":{"line":17,"column":42}},"type":"if","locations":[{"start":{"line":17,"column":15},"end":{"line":17,"column":42}}]}},"s":{"0":3,"1":3,"2":9,"3":5,"4":5,"5":5,"6":3,"7":5,"8":3,"9":2,"10":3,"11":6,"12":3,"13":3},"f":{"0":3,"1":5,"2":5,"3":2,"4":6},"b":{"0":[4]}}
,"C:\\Users\\pfidz\\Documents\\Projects\\Paynow-Typescript-SDK\\src\\components\\status-response.ts": {"path":"C:\\Users\\pfidz\\Documents\\Projects\\Paynow-Typescript-SDK\\src\\components\\status-response.ts","statementMap":{"0":{"start":{"line":1,"column":0},"end":{"line":1,"column":61}},"1":{"start":{"line":14,"column":0},"end":{"line":14,"column":13}},"2":{"start":{"line":23,"column":8},"end":{"line":31,"column":9}},"3":{"start":{"line":24,"column":12},"end":{"line":24,"column":36}},"4":{"start":{"line":26,"column":12},"end":{"line":26,"column":44}},"5":{"start":{"line":27,"column":12},"end":{"line":27,"column":38}},"6":{"start":{"line":28,"column":12},"end":{"line":28,"column":56}},"7":{"start":{"line":29,"column":12},"end":{"line":29,"column":40}},"8":{"start":{"line":30,"column":12},"end":{"line":30,"column":38}},"9":{"start":{"line":34,"column":4},"end":{"line":36,"column":null}},"10":{"start":{"line":35,"column":8},"end":{"line":35,"column":null}},"11":{"start":{"line":37,"column":0},"end":{"line":37,"column":null}},"12":{"start":{"line":14,"column":13},"end":{"line":14,"column":27}}},"fnMap":{"0":{"name":"(anonymous_0)","decl":{"start":{"line":14,"column":0},"end":{"line":14,"column":13}},"loc":{"start":{"line":14,"column":0},"end":{"line":37,"column":null}}},"1":{"name":"StatusResponse","decl":{"start":{"line":22,"column":4},"end":{"line":22,"column":16}},"loc":{"start":{"line":22,"column":25},"end":{"line":32,"column":5}}},"2":{"name":"(anonymous_2)","decl":{"start":{"line":34,"column":4},"end":{"line":34,"column":8}},"loc":{"start":{"line":34,"column":4},"end":{"line":36,"column":5}}}},"branchMap":{"0":{"loc":{"start":{"line":23,"column":8},"end":{"line":31,"column":9}},"type":"if","locations":[{"start":{"line":23,"column":8},"end":{"line":31,"column":9}},{"start":{"line":25,"column":15},"end":{"line":31,"column":9}}]}},"s":{"0":3,"1":3,"2":6,"3":0,"4":6,"5":6,"6":6,"7":6,"8":6,"9":3,"10":6,"11":3,"12":3},"f":{"0":3,"1":6,"2":6},"b":{"0":[0,6]}}
}
