TN:
SF:src\constants.ts
FNF:0
FNH:0
DA:4,4
DA:9,4
DA:14,4
DA:19,4
DA:21,4
DA:22,4
DA:24,4
LF:7
LH:7
BRF:0
BRH:0
end_of_record
TN:
SF:src\index.ts
FNF:0
FNH:0
DA:1,2
DA:2,2
DA:3,2
DA:4,2
DA:5,2
DA:6,2
LF:6
LH:6
BRF:0
BRH:0
end_of_record
TN:
SF:src\paynow.ts
FN:18,(anonymous_13)
FN:19,Paynow
FN:30,(anonymous_15)
FN:38,(anonymous_16)
FN:48,(anonymous_17)
FN:57,(anonymous_18)
FN:66,(anonymous_19)
FN:96,(anonymous_22)
FN:134,(anonymous_25)
FN:145,(anonymous_26)
FN:166,(anonymous_27)
FN:184,(anonymous_28)
FN:196,(anonymous_29)
FN:214,(anonymous_30)
FN:236,(anonymous_31)
FN:264,(anonymous_32)
FN:287,(anonymous_35)
FN:305,(anonymous_36)
FNF:18
FNH:15
FNDA:2,(anonymous_13)
FNDA:10,Paynow
FNDA:0,(anonymous_15)
FNDA:1,(anonymous_16)
FNDA:2,(anonymous_17)
FNDA:1,(anonymous_18)
FNDA:0,(anonymous_19)
FNDA:1,(anonymous_22)
FNDA:3,(anonymous_25)
FNDA:1,(anonymous_26)
FNDA:9,(anonymous_27)
FNDA:7,(anonymous_28)
FNDA:4,(anonymous_29)
FNDA:0,(anonymous_30)
FNDA:1,(anonymous_31)
FNDA:1,(anonymous_32)
FNDA:1,(anonymous_35)
FNDA:3,(anonymous_36)
DA:1,2
DA:2,2
DA:3,2
DA:4,2
DA:5,2
DA:18,2
DA:20,16
DA:21,16
DA:22,20
DA:23,20
DA:30,2
DA:31,0
DA:38,2
DA:39,1
DA:48,2
DA:49,2
DA:57,2
DA:58,1
DA:66,2
DA:67,0
DA:68,0
DA:71,0
DA:82,0
DA:84,0
DA:87,0
DA:96,2
DA:97,1
DA:99,1
DA:100,0
DA:104,1
DA:107,1
DA:118,1
DA:120,1
DA:123,0
DA:134,2
DA:135,3
DA:137,3
DA:145,2
DA:146,1
DA:147,0
DA:150,1
DA:152,1
DA:153,0
DA:156,1
DA:166,2
DA:167,9
DA:169,51
DA:170,51
DA:171,44
DA:175,9
DA:177,9
DA:184,2
DA:185,7
DA:186,0
DA:188,7
DA:196,2
DA:197,4
DA:198,4
DA:199,4
DA:200,22
DA:202,22
DA:206,4
DA:214,2
DA:215,0
DA:226,0
DA:228,0
DA:236,2
DA:241,1
DA:254,1
DA:256,1
DA:264,2
DA:266,1
DA:268,1
DA:270,1
DA:272,1
DA:273,0
DA:276,1
DA:278,0
DA:287,2
DA:288,1
DA:289,1
DA:291,1
DA:292,0
DA:295,1
DA:297,0
DA:305,2
DA:306,3
DA:307,1
DA:310,2
DA:311,0
DA:314,2
LF:91
LH:71
BRDA:20,0,0,6
BRDA:21,1,0,6
BRDA:22,2,0,10
BRDA:23,3,0,10
BRDA:99,4,0,0
BRDA:135,5,0,0
BRDA:135,6,0,3
BRDA:135,6,1,3
BRDA:146,7,0,0
BRDA:152,8,0,0
BRDA:152,9,0,1
BRDA:152,9,1,1
BRDA:170,10,0,44
BRDA:185,11,0,0
BRDA:185,11,1,7
BRDA:198,12,0,0
BRDA:198,12,1,4
BRDA:216,13,0,0
BRDA:216,13,1,0
BRDA:217,14,0,0
BRDA:217,14,1,0
BRDA:222,15,0,0
BRDA:222,15,1,0
BRDA:272,16,0,0
BRDA:272,17,0,1
BRDA:272,17,1,1
BRDA:288,18,0,1
BRDA:288,18,1,0
BRDA:291,19,0,0
BRDA:306,20,0,1
BRDA:310,21,0,0
BRF:31
BRH:15
end_of_record
TN:
SF:src\components\cart.ts
FN:12,(anonymous_0)
FN:13,CartItem
FN:29,(anonymous_2)
FN:32,Cart
FN:34,(anonymous_4)
FN:38,(anonymous_5)
FN:42,(anonymous_6)
FN:47,(anonymous_7)
FN:49,(anonymous_8)
FN:55,(anonymous_9)
FN:58,(anonymous_10)
FNF:11
FNH:11
FNDA:4,(anonymous_0)
FNDA:5,CartItem
FNDA:4,(anonymous_2)
FNDA:8,Cart
FNDA:6,(anonymous_4)
FNDA:8,(anonymous_5)
FNDA:8,(anonymous_6)
FNDA:8,(anonymous_7)
FNDA:15,(anonymous_8)
FNDA:4,(anonymous_9)
FNDA:10,(anonymous_10)
DA:12,4
DA:14,5
DA:15,5
DA:16,8
DA:18,4
DA:29,4
DA:30,8
DA:32,8
DA:33,8
DA:34,6
DA:38,4
DA:39,8
DA:42,4
DA:43,8
DA:44,8
DA:47,4
DA:48,8
DA:49,8
DA:50,15
DA:52,8
DA:55,4
DA:56,4
DA:58,4
DA:59,10
DA:63,4
DA:66,4
DA:68,4
LF:27
LH:27
BRDA:16,0,0,3
BRDA:33,1,0,2
BRF:2
BRH:2
end_of_record
TN:
SF:src\components\init-response.ts
FN:17,(anonymous_0)
FN:29,InitResponse
FNF:2
FNH:2
FNDA:3,(anonymous_0)
FNDA:3,InitResponse
DA:1,3
DA:17,3
DA:30,3
DA:31,3
DA:32,3
DA:33,3
DA:35,3
DA:36,1
DA:38,2
DA:39,2
DA:41,2
DA:42,0
DA:45,2
DA:46,2
DA:49,2
DA:50,0
DA:51,0
DA:52,0
DA:61,3
LF:19
LH:15
BRDA:32,0,0,0
BRDA:32,0,1,3
BRDA:35,1,0,1
BRDA:35,1,1,2
BRDA:41,2,0,0
BRDA:45,3,0,2
BRDA:49,4,0,0
BRF:7
BRH:4
end_of_record
TN:
SF:src\components\payment.ts
FN:13,(anonymous_0)
FN:14,Payment
FN:27,(anonymous_2)
FN:36,(anonymous_3)
FN:45,(anonymous_4)
FNF:5
FNH:5
FNDA:3,(anonymous_0)
FNDA:5,Payment
FNDA:5,(anonymous_2)
FNDA:2,(anonymous_3)
FNDA:6,(anonymous_4)
DA:1,3
DA:13,3
DA:15,5
DA:16,5
DA:17,9
DA:27,3
DA:28,5
DA:36,3
DA:37,2
DA:45,3
DA:46,6
DA:48,3
LF:12
LH:12
BRDA:17,0,0,4
BRF:1
BRH:1
end_of_record
TN:
SF:src\components\status-response.ts
FN:14,(anonymous_0)
FN:22,StatusResponse
FN:34,(anonymous_2)
FNF:3
FNH:3
FNDA:3,(anonymous_0)
FNDA:6,StatusResponse
FNDA:6,(anonymous_2)
DA:1,3
DA:14,3
DA:23,6
DA:24,0
DA:26,6
DA:27,6
DA:28,6
DA:29,6
DA:30,6
DA:34,3
DA:35,6
DA:37,3
LF:12
LH:11
BRDA:23,0,0,0
BRDA:23,0,1,6
BRF:2
BRH:1
end_of_record
